2025-09-13 23:16:43,853 INFO Fetched history for AAPL rows=250 (attempt 1)
2025-09-13 23:16:43,980 INFO Fetched history for MSFT rows=250 (attempt 1)
2025-09-13 23:16:44,057 INFO Fetched history for GOOG rows=250 (attempt 1)
2025-09-13 23:16:44,163 INFO Fetched history for AMZN rows=250 (attempt 1)
2025-09-13 23:16:44,230 INFO Fetched history for TSLA rows=250 (attempt 1)
2025-09-13 23:16:44,265 INFO Fetched history for TSLA rows=250 (attempt 1)
2025-09-13 23:16:44,476 INFO Fetched history for GOOG rows=250 (attempt 1)
2025-09-13 23:16:44,676 INFO Fetched history for MSFT rows=250 (attempt 1)
2025-09-13 23:16:44,925 INFO Fetched history for AMZN rows=250 (attempt 1)
2025-09-13 23:16:45,178 INFO Fetched history for AAPL rows=250 (attempt 1)
2025-09-13 23:16:45,440 INFO Fetched history for TSLA rows=250 (attempt 1)
2025-09-13 23:16:45,542 INFO Fetched history for TSLA rows=250 (attempt 1)
2025-09-13 23:16:45,574 INFO Fetched history for TSLA rows=250 (attempt 1)
2025-09-13 23:16:45,633 INFO Fetched history for GOOG rows=250 (attempt 1)
2025-09-13 23:16:45,800 INFO Fetched history for GOOG rows=250 (attempt 1)
2025-09-13 23:16:45,846 INFO Fetched history for GOOG rows=250 (attempt 1)
2025-09-13 23:16:45,923 INFO Fetched history for MSFT rows=250 (attempt 1)
2025-09-13 23:16:46,063 INFO Fetched history for MSFT rows=250 (attempt 1)
2025-09-13 23:16:46,147 INFO Fetched history for MSFT rows=250 (attempt 1)
2025-09-13 23:16:46,205 INFO Fetched history for AMZN rows=250 (attempt 1)
2025-09-13 23:16:46,278 INFO Fetched history for AMZN rows=250 (attempt 1)
2025-09-13 23:16:46,397 INFO Fetched history for AMZN rows=250 (attempt 1)
2025-09-13 23:16:46,431 INFO Fetched history for AAPL rows=250 (attempt 1)
2025-09-13 23:16:46,529 INFO Fetched history for AAPL rows=250 (attempt 1)
2025-09-13 23:16:46,602 INFO Fetched history for AAPL rows=250 (attempt 1)
2025-09-13 23:16:46,643 INFO Wrote /Users/madhavagrawal/Documents/work/AInews/site/2025-09-13.html (generated picks=5)
2025-09-13 23:23:17,207 INFO Fetched history for AAPL rows=250 (attempt 1)
2025-09-13 23:23:17,305 INFO Fetched history for MSFT rows=250 (attempt 1)
2025-09-13 23:23:17,366 INFO Fetched history for GOOG rows=250 (attempt 1)
2025-09-13 23:23:17,422 INFO Fetched history for AMZN rows=250 (attempt 1)
2025-09-13 23:23:17,494 INFO Fetched history for TSLA rows=250 (attempt 1)
2025-09-13 23:23:17,528 INFO Fetched history for TSLA rows=250 (attempt 1)
2025-09-13 23:23:17,862 INFO Fetched history for GOOG rows=250 (attempt 1)
2025-09-13 23:23:18,060 INFO Fetched history for MSFT rows=250 (attempt 1)
2025-09-13 23:23:18,237 INFO Fetched history for AMZN rows=250 (attempt 1)
2025-09-13 23:23:18,437 INFO Fetched history for AAPL rows=250 (attempt 1)
2025-09-13 23:23:18,597 INFO Fetched history for TSLA rows=250 (attempt 1)
2025-09-13 23:23:18,682 INFO Fetched history for TSLA rows=250 (attempt 1)
2025-09-13 23:23:18,713 INFO Fetched history for TSLA rows=250 (attempt 1)
2025-09-13 23:23:18,746 INFO Fetched history for GOOG rows=250 (attempt 1)
2025-09-13 23:23:18,818 INFO Fetched history for GOOG rows=250 (attempt 1)
2025-09-13 23:23:18,859 INFO Fetched history for GOOG rows=250 (attempt 1)
2025-09-13 23:23:18,889 INFO Fetched history for MSFT rows=250 (attempt 1)
2025-09-13 23:23:18,977 INFO Fetched history for MSFT rows=250 (attempt 1)
2025-09-13 23:23:19,007 INFO Fetched history for MSFT rows=250 (attempt 1)
2025-09-13 23:23:19,035 INFO Fetched history for AMZN rows=250 (attempt 1)
2025-09-13 23:23:19,107 INFO Fetched history for AMZN rows=250 (attempt 1)
2025-09-13 23:23:19,136 INFO Fetched history for AMZN rows=250 (attempt 1)
2025-09-13 23:23:19,169 INFO Fetched history for AAPL rows=250 (attempt 1)
2025-09-13 23:23:19,249 INFO Fetched history for AAPL rows=250 (attempt 1)
2025-09-13 23:23:19,276 INFO Fetched history for AAPL rows=250 (attempt 1)
2025-09-13 23:23:19,281 INFO Wrote /Users/madhavagrawal/Documents/work/AInews/site/2025-09-13.html and /Users/madhavagrawal/Documents/work/AInews/site/today.html (generated picks=5)
